<?xml version="1.0" encoding="UTF-8"?>
<testng-results ignored="0" total="2" passed="2" failed="0" skipped="0">
  <reporter-output>
  </reporter-output>
  <suite started-at="2025-11-28T18:59:18 IST" name="Default suite" finished-at="2025-11-28T18:59:25 IST" duration-ms="7542">
    <groups>
    </groups>
    <test started-at="2025-11-28T18:59:18 IST" name="Default test" finished-at="2025-11-28T18:59:25 IST" duration-ms="7542">
      <class name="com.practice.tests.TooltipsTest">
        <test-method is-config="true" signature="setUp()[pri:0, instance:com.practice.tests.TooltipsTest@77c2494c]" started-at="2025-11-28T18:59:18 IST" name="setUp" finished-at="2025-11-28T18:59:23 IST" duration-ms="5196" status="PASS">
          <reporter-output>
          </reporter-output>
        </test-method> <!-- setUp -->
        <test-method signature="manualScreenshotExample()[pri:0, instance:com.practice.tests.TooltipsTest@77c2494c]" started-at="2025-11-28T18:59:23 IST" name="manualScreenshotExample" finished-at="2025-11-28T18:59:24 IST" duration-ms="664" status="PASS">
          <reporter-output>
          </reporter-output>
        </test-method> <!-- manualScreenshotExample -->
        <test-method signature="verifyAllTooltips()[pri:0, instance:com.practice.tests.TooltipsTest@77c2494c]" started-at="2025-11-28T18:59:24 IST" name="verifyAllTooltips" finished-at="2025-11-28T18:59:25 IST" duration-ms="1314" status="PASS">
          <reporter-output>
          </reporter-output>
        </test-method> <!-- verifyAllTooltips -->
        <test-method is-config="true" signature="tearDown()[pri:0, instance:com.practice.tests.TooltipsTest@77c2494c]" started-at="2025-11-28T18:59:25 IST" name="tearDown" finished-at="2025-11-28T18:59:25 IST" duration-ms="294" status="PASS">
          <reporter-output>
          </reporter-output>
        </test-method> <!-- tearDown -->
      </class> <!-- com.practice.tests.TooltipsTest -->
    </test> <!-- Default test -->
  </suite> <!-- Default suite -->
</testng-results>
