<?xml version="1.0" encoding="UTF-8"?>
<!-- Generated by org.testng.reporters.JUnitReportReporter -->
<testsuite hostname="Saran" failures="0" tests="2" name="com.practice.tests.TooltipsTest" time="1.978" errors="0" timestamp="2025-11-28T18:59:26 IST" skipped="0">
  <testcase classname="com.practice.tests.TooltipsTest" name="manualScreenshotExample" time="0.664"/>
  <testcase classname="com.practice.tests.TooltipsTest" name="verifyAllTooltips" time="1.314"/>
</testsuite> <!-- com.practice.tests.TooltipsTest -->
